Library/Bee/Android/Prj/Mono2x/Gradle/unityLibrary/build/intermediates/manifest_merge_blame_file/debug/manifest-merger-blame-debug-report.txt
1<?xml version="1.0" encoding="utf-8"?>
2<manifest xmlns:android="http://schemas.android.com/apk/res/android"
3    xmlns:tools="http://schemas.android.com/tools"
4    package="com.unity3d.player"
5    android:versionCode="1"
6    android:versionName="1.0.2" >
7
8    <uses-sdk
9        android:minSdkVersion="22"
9-->src/main/AndroidManifest.xml
10        android:targetSdkVersion="30" />
10-->src/main/AndroidManifest.xml
11
12    <uses-feature android:glEsVersion="0x00030000" />
12-->src/main/AndroidManifest.xml:29:3-52
12-->src/main/AndroidManifest.xml:29:17-49
13    <uses-feature
13-->src/main/AndroidManifest.xml:30:3-91
14        android:name="android.hardware.vulkan.version"
14-->src/main/AndroidManifest.xml:30:17-63
15        android:required="false" />
15-->src/main/AndroidManifest.xml:30:64-88
16
17    <uses-permission android:name="android.permission.INTERNET" />
17-->src/main/AndroidManifest.xml:31:3-65
17-->src/main/AndroidManifest.xml:31:20-62
18
19    <uses-feature
19-->src/main/AndroidManifest.xml:32:3-88
20        android:name="android.hardware.touchscreen"
20-->src/main/AndroidManifest.xml:32:17-60
21        android:required="false" />
21-->src/main/AndroidManifest.xml:32:61-85
22    <uses-feature
22-->src/main/AndroidManifest.xml:33:3-99
23        android:name="android.hardware.touchscreen.multitouch"
23-->src/main/AndroidManifest.xml:33:17-71
24        android:required="false" />
24-->src/main/AndroidManifest.xml:33:72-96
25    <uses-feature
25-->src/main/AndroidManifest.xml:34:3-108
26        android:name="android.hardware.touchscreen.multitouch.distinct"
26-->src/main/AndroidManifest.xml:34:17-80
27        android:required="false" />
27-->src/main/AndroidManifest.xml:34:81-105
28
29    <application android:extractNativeLibs="true" >
29-->src/main/AndroidManifest.xml:3:3-28:17
29-->src/main/AndroidManifest.xml:3:16-48
30        <activity
30-->src/main/AndroidManifest.xml:4:5-16:16
31            android:name="com.unity3d.player.UnityPlayerActivity"
31-->src/main/AndroidManifest.xml:4:15-68
32            android:configChanges="mcc|mnc|locale|touchscreen|keyboard|keyboardHidden|navigation|orientation|screenLayout|uiMode|screenSize|smallestScreenSize|fontScale|layoutDirection|density"
32-->src/main/AndroidManifest.xml:4:182-363
33            android:hardwareAccelerated="true"
33-->src/main/AndroidManifest.xml:4:399-433
34            android:launchMode="singleTask"
34-->src/main/AndroidManifest.xml:4:150-181
35            android:resizeableActivity="false"
35-->src/main/AndroidManifest.xml:4:364-398
36            android:screenOrientation="fullSensor"
36-->src/main/AndroidManifest.xml:4:111-149
37            android:theme="@style/UnityThemeSelector" >
37-->src/main/AndroidManifest.xml:4:69-110
38            <intent-filter>
38-->src/main/AndroidManifest.xml:5:7-8:23
39                <action android:name="android.intent.action.MAIN" />
39-->src/main/AndroidManifest.xml:6:9-61
39-->src/main/AndroidManifest.xml:6:17-58
40
41                <category android:name="android.intent.category.LAUNCHER" />
41-->src/main/AndroidManifest.xml:7:9-69
41-->src/main/AndroidManifest.xml:7:19-66
42            </intent-filter>
43            <intent-filter>
43-->src/main/AndroidManifest.xml:9:7-14:23
44                <action android:name="android.intent.action.VIEW" />
44-->src/main/AndroidManifest.xml:10:9-61
44-->src/main/AndroidManifest.xml:10:17-58
45
46                <category android:name="android.intent.category.DEFAULT" />
46-->src/main/AndroidManifest.xml:11:9-68
46-->src/main/AndroidManifest.xml:11:19-65
47                <category android:name="android.intent.category.BROWSABLE" />
47-->src/main/AndroidManifest.xml:12:9-70
47-->src/main/AndroidManifest.xml:12:19-67
48
49                <data
49-->src/main/AndroidManifest.xml:13:9-67
50                    android:host="web3Login"
50-->src/main/AndroidManifest.xml:13:40-64
51                    android:scheme="unitydl" />
51-->src/main/AndroidManifest.xml:13:15-39
52            </intent-filter>
53
54            <meta-data
54-->src/main/AndroidManifest.xml:15:7-78
55                android:name="android.notch_support"
55-->src/main/AndroidManifest.xml:15:18-54
56                android:value="true" />
56-->src/main/AndroidManifest.xml:15:55-75
57        </activity>
58
59        <meta-data
59-->src/main/AndroidManifest.xml:17:5-69
60            android:name="unity.splash-mode"
60-->src/main/AndroidManifest.xml:17:16-48
61            android:value="0" />
61-->src/main/AndroidManifest.xml:17:49-66
62        <meta-data
62-->src/main/AndroidManifest.xml:18:5-74
63            android:name="unity.splash-enable"
63-->src/main/AndroidManifest.xml:18:16-50
64            android:value="True" />
64-->src/main/AndroidManifest.xml:18:51-71
65        <meta-data
65-->src/main/AndroidManifest.xml:19:5-78
66            android:name="unity.launch-fullscreen"
66-->src/main/AndroidManifest.xml:19:16-54
67            android:value="True" />
67-->src/main/AndroidManifest.xml:19:55-75
68        <meta-data
68-->src/main/AndroidManifest.xml:20:5-84
69            android:name="unity.allow-resizable-window"
69-->src/main/AndroidManifest.xml:20:16-59
70            android:value="False" />
70-->src/main/AndroidManifest.xml:20:60-81
71        <meta-data
71-->src/main/AndroidManifest.xml:21:5-81
72            android:name="notch.config"
72-->src/main/AndroidManifest.xml:21:16-43
73            android:value="portrait|landscape" />
73-->src/main/AndroidManifest.xml:21:44-78
74
75        <receiver
75-->src/main/AndroidManifest.xml:22:5-112
76            android:name="com.unity.androidnotifications.UnityNotificationManager"
76-->src/main/AndroidManifest.xml:22:15-85
77            android:exported="true" />
77-->src/main/AndroidManifest.xml:22:86-109
78        <receiver
78-->src/main/AndroidManifest.xml:23:5-27:16
79            android:name="com.unity.androidnotifications.UnityNotificationRestartOnBootReceiver"
79-->src/main/AndroidManifest.xml:23:15-99
80            android:enabled="false"
80-->src/main/AndroidManifest.xml:23:100-123
81            android:exported="true" >
81-->src/main/AndroidManifest.xml:23:124-147
82            <intent-filter>
82-->src/main/AndroidManifest.xml:24:7-26:23
83                <action android:name="android.intent.action.BOOT_COMPLETED" />
83-->src/main/AndroidManifest.xml:25:9-71
83-->src/main/AndroidManifest.xml:25:17-68
84            </intent-filter>
85        </receiver>
86    </application>
87
88</manifest>